[54820:63472:1031/194914.016:WARNING:chrome_main_delegate.cc(744)] This is Chrome version 130.0.6723.71 (not a warning)
[54820:63472:1031/194914.082:INFO:chrome_browser_cloud_management_controller.cc(196)] No machine level policy manager exists.
[63396:57912:1031/194914.153:WARNING:runtime_features.cc(655)] SharedStorage cannot be enabled in this configuration. Use --enable-features=SharedStorageAPI in addition.
[63396:57912:1031/194914.153:WARNING:runtime_features.cc(665)] SharedStorage for M118+ cannot be enabled in this configuration. Use --enable-features=SharedStorageAPI,SharedStorageAPIM118 in addition.
[63396:57912:1031/194914.153:WARNING:runtime_features.cc(676)] SharedStorage for M125+ cannot be enabled in this configuration. Use --enable-features=SharedStorageAPI,SharedStorageAPIM125 in addition.
[60248:53964:1031/194914.159:WARNING:runtime_features.cc(655)] SharedStorage cannot be enabled in this configuration. Use --enable-features=SharedStorageAPI in addition.
[60248:53964:1031/194914.159:WARNING:runtime_features.cc(665)] SharedStorage for M118+ cannot be enabled in this configuration. Use --enable-features=SharedStorageAPI,SharedStorageAPIM118 in addition.
[60248:53964:1031/194914.159:WARNING:runtime_features.cc(676)] SharedStorage for M125+ cannot be enabled in this configuration. Use --enable-features=SharedStorageAPI,SharedStorageAPIM125 in addition.
[56852:62100:1031/194914.202:WARNING:viz_main_impl.cc(85)] VizNullHypothesis is disabled (not a warning)
[63324:60180:1031/194914.266:WARNING:runtime_features.cc(655)] SharedStorage cannot be enabled in this configuration. Use --enable-features=SharedStorageAPI in addition.
[63324:60180:1031/194914.266:WARNING:runtime_features.cc(665)] SharedStorage for M118+ cannot be enabled in this configuration. Use --enable-features=SharedStorageAPI,SharedStorageAPIM118 in addition.
[63324:60180:1031/194914.266:WARNING:runtime_features.cc(676)] SharedStorage for M125+ cannot be enabled in this configuration. Use --enable-features=SharedStorageAPI,SharedStorageAPIM125 in addition.
[62744:62712:1031/194914.461:WARNING:runtime_features.cc(655)] SharedStorage cannot be enabled in this configuration. Use --enable-features=SharedStorageAPI in addition.
[62744:62712:1031/194914.461:WARNING:runtime_features.cc(665)] SharedStorage for M118+ cannot be enabled in this configuration. Use --enable-features=SharedStorageAPI,SharedStorageAPIM118 in addition.
[62744:62712:1031/194914.461:WARNING:runtime_features.cc(676)] SharedStorage for M125+ cannot be enabled in this configuration. Use --enable-features=SharedStorageAPI,SharedStorageAPIM125 in addition.
[54820:63472:1031/194916.088:INFO:CONSOLE(1711)] "Refused to load the script 'https://merchantpool1.linkedin.com/mdt.js?session_id=ff92e0a0-58e6-4163-8d45-911b0e2497cb&instanceId=fb6bbd47-fa7c-4264-b4e9-b25948407586' because it violates the following Content Security Policy directive: "script-src 'report-sample' static.licdn.com static-exp1.licdn.com static-exp2.licdn.com static-exp3.licdn.com platform.linkedin.com platform-akam.linkedin.com platform-ecst.linkedin.com platform-azur.linkedin.com 'sha256-3woF8BZ54TeXM+czaH3aXoaJsVpiamuAKFsXDykAR/Q='". Note that 'script-src-elem' was not explicitly set, so 'script-src' is used as a fallback.
", source: https://static.licdn.com/aero-v1/sc/h/58g787s0mmr63vkxoc5ecf816 (1711)
[63324:61176:1031/194916.100:INFO:peer_connection_dependency_factory.cc(750)] Running WebRTC with a combined Network and Worker thread.
[54644:62900:1031/194916.119:WARNING:runtime_features.cc(655)] SharedStorage cannot be enabled in this configuration. Use --enable-features=SharedStorageAPI in addition.
[54644:62900:1031/194916.119:WARNING:runtime_features.cc(665)] SharedStorage for M118+ cannot be enabled in this configuration. Use --enable-features=SharedStorageAPI,SharedStorageAPIM118 in addition.
[54644:62900:1031/194916.119:WARNING:runtime_features.cc(676)] SharedStorage for M125+ cannot be enabled in this configuration. Use --enable-features=SharedStorageAPI,SharedStorageAPIM125 in addition.
[54820:63472:1031/194916.161:INFO:CONSOLE(2)] "Error", source: https://client.protechts.net/PXdOjV695v/main.min.js (2)
[63324:61176:1031/194916.753:WARNING:codec.cc(525)] Explicitly added H264 constrained baseline to list of supported formats.
[55704:63164:1031/194916.827:WARNING:host_resolver_dns_task.cc(863)] Address list empty after RFC3484 sort
[55704:63164:1031/194916.828:ERROR:socket_manager.cc(147)] Failed to resolve address for stun.l.google.com., errorcode: -105
[63324:64212:1031/194916.829:WARNING:stun_port.cc(442)] Port[73a3c00:0:1:0:host:Net[any:0:0:0:x:x:x:x:x/0:Wildcard:id=0]]: StunPort: stun host lookup received error -1
[54820:63472:1031/194916.955:WARNING:capture_device_ranking.h(255)] Can't initialize the value of media.audio_input.user_preference_ranking because media.default_audio_capture_device isn't registered or is empty
[54820:63472:1031/194916.955:WARNING:capture_device_ranking.h(255)] Can't initialize the value of media.video_input.user_preference_ranking because media.default_video_capture_Device isn't registered or is empty
[63604:58224:1031/194918.715:WARNING:runtime_features.cc(655)] SharedStorage cannot be enabled in this configuration. Use --enable-features=SharedStorageAPI in addition.
[63604:58224:1031/194918.715:WARNING:runtime_features.cc(665)] SharedStorage for M118+ cannot be enabled in this configuration. Use --enable-features=SharedStorageAPI,SharedStorageAPIM118 in addition.
[63604:58224:1031/194918.715:WARNING:runtime_features.cc(676)] SharedStorage for M125+ cannot be enabled in this configuration. Use --enable-features=SharedStorageAPI,SharedStorageAPIM125 in addition.
[62528:58260:1031/194918.894:ERROR:command_buffer_proxy_impl.cc(324)] GPU state invalid after WaitForGetOffsetInRange.
